<?xml version="1.0" encoding="UTF-8"?>
<!-- Generated by org.testng.reporters.JUnitReportReporter -->
<testsuite hostname="LAPTOP-RLDCMF74" failures="0" tests="1" name="test.two_OpenGoogleTest" time="5.575" errors="0" timestamp="2023-09-23T18:27:00 IST" skipped="0">
  <testcase classname="test.two_OpenGoogleTest" name="launchthree" time="5.575"/>
  <system-out/>
</testsuite> <!-- test.two_OpenGoogleTest -->
