<?xml version="1.0" encoding="UTF-8"?>
<!-- Generated by org.testng.reporters.JUnitReportReporter -->
<testsuite hostname="LAPTOP-RLDCMF74" failures="0" tests="1" name="test.threee_OpenGeeks" time="5.595" errors="0" timestamp="2023-09-23T18:40:47 IST" skipped="0">
  <testcase classname="test.threee_OpenGeeks" name="launchone" time="5.595"/>
  <system-out/>
</testsuite> <!-- test.threee_OpenGeeks -->
