<?xml version="1.0" encoding="UTF-8"?>
<!-- Generated by org.testng.reporters.JUnitReportReporter -->
<testsuite hostname="LAPTOP-RLDCMF74" failures="0" tests="1" name="test.one_OpenGeeks" time="3.457" errors="0" timestamp="2023-09-23T18:40:47 IST" skipped="0">
  <testcase classname="test.one_OpenGeeks" name="launchone" time="3.457"/>
  <system-out/>
</testsuite> <!-- test.one_OpenGeeks -->
