<?xml version="1.0" encoding="UTF-8"?>
<!-- Generated by org.testng.reporters.JUnitReportReporter -->
<testsuite hostname="LAPTOP-RLDCMF74" failures="0" tests="1" name="test.three_OpenGeeks" time="3.456" errors="0" timestamp="2023-09-23T18:25:54 IST" skipped="0">
  <testcase classname="test.three_OpenGeeks" name="launchtwo" time="3.456"/>
  <system-out/>
</testsuite> <!-- test.three_OpenGeeks -->
