<?xml version="1.0" encoding="UTF-8"?>
<!-- Generated by org.testng.reporters.JUnitReportReporter -->
<testsuite hostname="LAPTOP-RLDCMF74" failures="0" tests="1" name="test.two_OpenGeeks" time="2.569" errors="0" timestamp="2023-09-24T02:48:29 IST" skipped="0">
  <testcase classname="test.two_OpenGeeks" name="launchthree" time="2.569"/>
  <system-out/>
</testsuite> <!-- test.two_OpenGeeks -->
