<?xml version="1.0" encoding="UTF-8"?>
<!-- Generated by org.testng.reporters.JUnitReportReporter -->
<testsuite hostname="LAPTOP-RLDCMF74" failures="0" tests="1" name="test.threee_OpenGeeks" time="7.043" errors="0" timestamp="2023-09-24T02:48:29 IST" skipped="0">
  <testcase classname="test.threee_OpenGeeks" name="launchone" time="7.043"/>
  <system-out/>
</testsuite> <!-- test.threee_OpenGeeks -->
